<?xml version="1.0" encoding="UTF-8"?>
<!-- Generated by org.testng.reporters.JUnitReportReporter -->
<testsuite hostname="IB-Pune-LAP-200" failures="0" tests="4" name="tests.BookingTest" time="10.092" errors="0" timestamp="2022-12-13T11:51:36 IST" skipped="0">
  <testcase classname="tests.BookingTest" name="createToken" time="5.083"/>
  <system-out/>
  <testcase classname="tests.BookingTest" name="createBooking" time="2.562"/>
  <system-out/>
  <testcase classname="tests.BookingTest" name="getCreatedBooking" time="1.223"/>
  <system-out/>
  <testcase classname="tests.BookingTest" name="deleteCreatedBooking" time="1.224"/>
  <system-out/>
</testsuite> <!-- tests.BookingTest -->
