<?xml version="1.0" encoding="UTF-8"?>
<!-- Generated by org.testng.reporters.JUnitReportReporter -->
<testsuite hostname="IB-Pune-LAP-200" failures="0" tests="4" name="tests.BookingTest" time="9.279" errors="0" timestamp="2022-12-12T13:09:09 IST" skipped="0">
  <testcase classname="tests.BookingTest" name="createToken" time="5.203"/>
  <system-out/>
  <testcase classname="tests.BookingTest" name="CreateBooking" time="1.463"/>
  <system-out/>
  <testcase classname="tests.BookingTest" name="GetCreatedBooking" time="1.138"/>
  <system-out/>
  <testcase classname="tests.BookingTest" name="DeleteCreatedBooking" time="1.475"/>
  <system-out/>
</testsuite> <!-- tests.BookingTest -->
